# JRE version: OpenJDK Runtime Environment (8.0_322) (build 1.8.0_322-ga)
# Java VM: OpenJDK 64-Bit Server VM (25.322-bga mixed mode linux-amd64 compressed oops)
Heap:
 PSYoungGen      total 154112K, used 78705K [0x00000000f5580000, 0x00000000ffe00000, 0x0000000100000000)
  eden space 135680K, 53% used [0x00000000f5580000,0x00000000f9c2d670,0x00000000fda00000)
  from space 18432K, 34% used [0x00000000feb80000,0x00000000ff1af118,0x00000000ffd80000)
  to   space 17920K, 0% used [0x00000000fda00000,0x00000000fda00000,0x00000000feb80000)
 ParOldGen       total 178688K, used 143766K [0x00000000e0000000, 0x00000000eae80000, 0x00000000f5580000)
  object space 178688K, 80% used [0x00000000e0000000,0x00000000e8c658d0,0x00000000eae80000)
 Metaspace       used 94146K, capacity 99872K, committed 100096K, reserved 1134592K
  class space    used 12512K, capacity 14244K, committed 14336K, reserved 1048576K
GC Heap History (10 events):
Event: 104.137 GC heap before
{Heap before GC invocations=42 (full 4):
 PSYoungGen      total 150528K, used 141212K [0x00000000f5580000, 0x00000000fff80000, 0x0000000100000000)
  eden space 130048K, 100% used [0x00000000f5580000,0x00000000fd480000,0x00000000fd480000)
  from space 20480K, 54% used [0x00000000fd480000,0x00000000fdf67348,0x00000000fe880000)
  to   space 20992K, 0% used [0x00000000feb00000,0x00000000feb00000,0x00000000fff80000)
 ParOldGen       total 178688K, used 132883K [0x00000000e0000000, 0x00000000eae80000, 0x00000000f5580000)
  object space 178688K, 74% used [0x00000000e0000000,0x00000000e81c4c58,0x00000000eae80000)
 Metaspace       used 91918K, capacity 97504K, committed 97792K, reserved 1132544K
  class space    used 12351K, capacity 14000K, committed 14080K, reserved 1048576K
Event: 104.190 GC heap after
Heap after GC invocations=42 (full 4):
 PSYoungGen      total 153088K, used 8800K [0x00000000f5580000, 0x0000000100000000, 0x0000000100000000)
  eden space 132096K, 0% used [0x00000000f5580000,0x00000000f5580000,0x00000000fd680000)
  from space 20992K, 41% used [0x00000000feb00000,0x00000000ff3982a8,0x00000000fff80000)
  to   space 20992K, 0% used [0x00000000fd680000,0x00000000fd680000,0x00000000feb00000)
 ParOldGen       total 178688K, used 135275K [0x00000000e0000000, 0x00000000eae80000, 0x00000000f5580000)
  object space 178688K, 75% used [0x00000000e0000000,0x00000000e841ad18,0x00000000eae80000)
 Metaspace       used 91918K, capacity 97504K, committed 97792K, reserved 1132544K
  class space    used 12351K, capacity 14000K, committed 14080K, reserved 1048576K
}
Event: 107.060 GC heap before
{Heap before GC invocations=43 (full 4):
 PSYoungGen      total 153088K, used 140896K [0x00000000f5580000, 0x0000000100000000, 0x0000000100000000)
  eden space 132096K, 100% used [0x00000000f5580000,0x00000000fd680000,0x00000000fd680000)
  from space 20992K, 41% used [0x00000000feb00000,0x00000000ff3982a8,0x00000000fff80000)
  to   space 20992K, 0% used [0x00000000fd680000,0x00000000fd680000,0x00000000feb00000)
 ParOldGen       total 178688K, used 135275K [0x00000000e0000000, 0x00000000eae80000, 0x00000000f5580000)
  object space 178688K, 75% used [0x00000000e0000000,0x00000000e841ad18,0x00000000eae80000)
 Metaspace       used 92063K, capacity 97592K, committed 97792K, reserved 1132544K
  class space    used 12358K, capacity 14004K, committed 14080K, reserved 1048576K
Event: 107.099 GC heap after
Heap after GC invocations=43 (full 4):
 PSYoungGen      total 133632K, used 1104K [0x00000000f5580000, 0x00000000ffe00000, 0x0000000100000000)
  eden space 132096K, 0% used [0x00000000f5580000,0x00000000f5580000,0x00000000fd680000)
  from space 1536K, 71% used [0x00000000fd680000,0x00000000fd794010,0x00000000fd800000)
  to   space 19968K, 0% used [0x00000000fea80000,0x00000000fea80000,0x00000000ffe00000)
 ParOldGen       total 178688K, used 143750K [0x00000000e0000000, 0x00000000eae80000, 0x00000000f5580000)
  object space 178688K, 80% used [0x00000000e0000000,0x00000000e8c618d0,0x00000000eae80000)
 Metaspace       used 92063K, capacity 97592K, committed 97792K, reserved 1132544K
  class space    used 12358K, capacity 14004K, committed 14080K, reserved 1048576K
}
Event: 108.450 GC heap before
{Heap before GC invocations=44 (full 4):
 PSYoungGen      total 133632K, used 133200K [0x00000000f5580000, 0x00000000ffe00000, 0x0000000100000000)
  eden space 132096K, 100% used [0x00000000f5580000,0x00000000fd680000,0x00000000fd680000)
  from space 1536K, 71% used [0x00000000fd680000,0x00000000fd794010,0x00000000fd800000)
  to   space 19968K, 0% used [0x00000000fea80000,0x00000000fea80000,0x00000000ffe00000)
 ParOldGen       total 178688K, used 143750K [0x00000000e0000000, 0x00000000eae80000, 0x00000000f5580000)
  object space 178688K, 80% used [0x00000000e0000000,0x00000000e8c618d0,0x00000000eae80000)
 Metaspace       used 92081K, capacity 97592K, committed 97792K, reserved 1132544K
  class space    used 12358K, capacity 14004K, committed 14080K, reserved 1048576K
Event: 108.480 GC heap after
Heap after GC invocations=44 (full 4):
 PSYoungGen      total 153088K, used 1136K [0x00000000f5580000, 0x0000000100000000, 0x0000000100000000)
  eden space 133120K, 0% used [0x00000000f5580000,0x00000000f5580000,0x00000000fd780000)
  from space 19968K, 5% used [0x00000000fea80000,0x00000000feb9c010,0x00000000ffe00000)
  to   space 19456K, 0% used [0x00000000fd780000,0x00000000fd780000,0x00000000fea80000)
 ParOldGen       total 178688K, used 143750K [0x00000000e0000000, 0x00000000eae80000, 0x00000000f5580000)
  object space 178688K, 80% used [0x00000000e0000000,0x00000000e8c618d0,0x00000000eae80000)
 Metaspace       used 92081K, capacity 97592K, committed 97792K, reserved 1132544K
  class space    used 12358K, capacity 14004K, committed 14080K, reserved 1048576K
}
Event: 134.931 GC heap before
{Heap before GC invocations=45 (full 4):
 PSYoungGen      total 153088K, used 134256K [0x00000000f5580000, 0x0000000100000000, 0x0000000100000000)
  eden space 133120K, 100% used [0x00000000f5580000,0x00000000fd780000,0x00000000fd780000)
  from space 19968K, 5% used [0x00000000fea80000,0x00000000feb9c010,0x00000000ffe00000)
  to   space 19456K, 0% used [0x00000000fd780000,0x00000000fd780000,0x00000000fea80000)
 ParOldGen       total 178688K, used 143750K [0x00000000e0000000, 0x00000000eae80000, 0x00000000f5580000)
  object space 178688K, 80% used [0x00000000e0000000,0x00000000e8c618d0,0x00000000eae80000)
 Metaspace       used 93217K, capacity 98856K, committed 98944K, reserved 1134592K
  class space    used 12440K, capacity 14126K, committed 14208K, reserved 1048576K
Event: 134.988 GC heap after
Heap after GC invocations=45 (full 4):
 PSYoungGen      total 152576K, used 2689K [0x00000000f5580000, 0x00000000ffd80000, 0x0000000100000000)
  eden space 133120K, 0% used [0x00000000f5580000,0x00000000f5580000,0x00000000fd780000)
  from space 19456K, 13% used [0x00000000fd780000,0x00000000fda20778,0x00000000fea80000)
  to   space 18432K, 0% used [0x00000000feb80000,0x00000000feb80000,0x00000000ffd80000)
 ParOldGen       total 178688K, used 143758K [0x00000000e0000000, 0x00000000eae80000, 0x00000000f5580000)
  object space 178688K, 80% used [0x00000000e0000000,0x00000000e8c638d0,0x00000000eae80000)
 Metaspace       used 93217K, capacity 98856K, committed 98944K, reserved 1134592K
  class space    used 12440K, capacity 14126K, committed 14208K, reserved 1048576K
}
Event: 427.741 GC heap before
{Heap before GC invocations=46 (full 4):
 PSYoungGen      total 152576K, used 135809K [0x00000000f5580000, 0x00000000ffd80000, 0x0000000100000000)
  eden space 133120K, 100% used [0x00000000f5580000,0x00000000fd780000,0x00000000fd780000)
  from space 19456K, 13% used [0x00000000fd780000,0x00000000fda20778,0x00000000fea80000)
  to   space 18432K, 0% used [0x00000000feb80000,0x00000000feb80000,0x00000000ffd80000)
 ParOldGen       total 178688K, used 143758K [0x00000000e0000000, 0x00000000eae80000, 0x00000000f5580000)
  object space 178688K, 80% used [0x00000000e0000000,0x00000000e8c638d0,0x00000000eae80000)
 Metaspace       used 94058K, capacity 99744K, committed 99840K, reserved 1134592K
  class space    used 12512K, capacity 14244K, committed 14336K, reserved 1048576K
Event: 427.928 GC heap after
Heap after GC invocations=46 (full 4):
 PSYoungGen      total 154112K, used 6332K [0x00000000f5580000, 0x00000000ffe00000, 0x0000000100000000)
  eden space 135680K, 0% used [0x00000000f5580000,0x00000000f5580000,0x00000000fda00000)
  from space 18432K, 34% used [0x00000000feb80000,0x00000000ff1af118,0x00000000ffd80000)
  to   space 17920K, 0% used [0x00000000fda00000,0x00000000fda00000,0x00000000feb80000)
 ParOldGen       total 178688K, used 143766K [0x00000000e0000000, 0x00000000eae80000, 0x00000000f5580000)
  object space 178688K, 80% used [0x00000000e0000000,0x00000000e8c658d0,0x00000000eae80000)
 Metaspace       used 94058K, capacity 99744K, committed 99840K, reserved 1134592K
  class space    used 12512K, capacity 14244K, committed 14336K, reserved 1048576K
}

