# JRE version: OpenJDK Runtime Environment (8.0_322) (build 1.8.0_322-ga)
# Java VM: OpenJDK 64-Bit Server VM (25.322-bga mixed mode linux-amd64 compressed oops)
Heap:
 PSYoungGen      total 136704K, used 57188K [0x00000000f5580000, 0x00000000ffc80000, 0x0000000100000000)
  eden space 104960K, 43% used [0x00000000f5580000,0x00000000f8291250,0x00000000fbc00000)
  from space 31744K, 34% used [0x00000000fbc00000,0x00000000fc6c8060,0x00000000fdb00000)
  to   space 30208K, 0% used [0x00000000fdf00000,0x00000000fdf00000,0x00000000ffc80000)
 ParOldGen       total 247808K, used 173328K [0x00000000e0000000, 0x00000000ef200000, 0x00000000f5580000)
  object space 247808K, 69% used [0x00000000e0000000,0x00000000ea944288,0x00000000ef200000)
 Metaspace       used 94656K, capacity 100354K, committed 100608K, reserved 1136640K
  class space    used 12559K, capacity 14245K, committed 14336K, reserved 1048576K
GC Heap History (10 events):
Event: 96.159 GC heap before
{Heap before GC invocations=55 (full 4):
 PSYoungGen      total 134656K, used 107659K [0x00000000f5580000, 0x0000000100000000, 0x0000000100000000)
  eden space 95232K, 100% used [0x00000000f5580000,0x00000000fb280000,0x00000000fb280000)
  from space 39424K, 31% used [0x00000000fd700000,0x00000000fe322e78,0x00000000ffd80000)
  to   space 37376K, 0% used [0x00000000fb280000,0x00000000fb280000,0x00000000fd700000)
 ParOldGen       total 247808K, used 167099K [0x00000000e0000000, 0x00000000ef200000, 0x00000000f5580000)
  object space 247808K, 67% used [0x00000000e0000000,0x00000000ea32ee00,0x00000000ef200000)
 Metaspace       used 93502K, capacity 99114K, committed 99200K, reserved 1134592K
  class space    used 12457K, capacity 14123K, committed 14208K, reserved 1048576K
Event: 96.203 GC heap after
Heap after GC invocations=55 (full 4):
 PSYoungGen      total 132608K, used 7138K [0x00000000f5580000, 0x00000000ffc00000, 0x0000000100000000)
  eden space 95232K, 0% used [0x00000000f5580000,0x00000000f5580000,0x00000000fb280000)
  from space 37376K, 19% used [0x00000000fb280000,0x00000000fb978858,0x00000000fd700000)
  to   space 36352K, 0% used [0x00000000fd880000,0x00000000fd880000,0x00000000ffc00000)
 ParOldGen       total 247808K, used 173280K [0x00000000e0000000, 0x00000000ef200000, 0x00000000f5580000)
  object space 247808K, 69% used [0x00000000e0000000,0x00000000ea938288,0x00000000ef200000)
 Metaspace       used 93502K, capacity 99114K, committed 99200K, reserved 1134592K
  class space    used 12457K, capacity 14123K, committed 14208K, reserved 1048576K
}
Event: 327.270 GC heap before
{Heap before GC invocations=56 (full 4):
 PSYoungGen      total 132608K, used 102370K [0x00000000f5580000, 0x00000000ffc00000, 0x0000000100000000)
  eden space 95232K, 100% used [0x00000000f5580000,0x00000000fb280000,0x00000000fb280000)
  from space 37376K, 19% used [0x00000000fb280000,0x00000000fb978858,0x00000000fd700000)
  to   space 36352K, 0% used [0x00000000fd880000,0x00000000fd880000,0x00000000ffc00000)
 ParOldGen       total 247808K, used 173280K [0x00000000e0000000, 0x00000000ef200000, 0x00000000f5580000)
  object space 247808K, 69% used [0x00000000e0000000,0x00000000ea938288,0x00000000ef200000)
 Metaspace       used 93922K, capacity 99550K, committed 99712K, reserved 1134592K
  class space    used 12491K, capacity 14189K, committed 14208K, reserved 1048576K
Event: 327.324 GC heap after
Heap after GC invocations=56 (full 4):
 PSYoungGen      total 135680K, used 9056K [0x00000000f5580000, 0x00000000ffc00000, 0x0000000100000000)
  eden space 99328K, 0% used [0x00000000f5580000,0x00000000f5580000,0x00000000fb680000)
  from space 36352K, 24% used [0x00000000fd880000,0x00000000fe158080,0x00000000ffc00000)
  to   space 34816K, 0% used [0x00000000fb680000,0x00000000fb680000,0x00000000fd880000)
 ParOldGen       total 247808K, used 173304K [0x00000000e0000000, 0x00000000ef200000, 0x00000000f5580000)
  object space 247808K, 69% used [0x00000000e0000000,0x00000000ea93e288,0x00000000ef200000)
 Metaspace       used 93922K, capacity 99550K, committed 99712K, reserved 1134592K
  class space    used 12491K, capacity 14189K, committed 14208K, reserved 1048576K
}
Event: 588.868 GC heap before
{Heap before GC invocations=57 (full 4):
 PSYoungGen      total 135680K, used 108384K [0x00000000f5580000, 0x00000000ffc00000, 0x0000000100000000)
  eden space 99328K, 100% used [0x00000000f5580000,0x00000000fb680000,0x00000000fb680000)
  from space 36352K, 24% used [0x00000000fd880000,0x00000000fe158080,0x00000000ffc00000)
  to   space 34816K, 0% used [0x00000000fb680000,0x00000000fb680000,0x00000000fd880000)
 ParOldGen       total 247808K, used 173304K [0x00000000e0000000, 0x00000000ef200000, 0x00000000f5580000)
  object space 247808K, 69% used [0x00000000e0000000,0x00000000ea93e288,0x00000000ef200000)
 Metaspace       used 94277K, capacity 99984K, committed 100096K, reserved 1134592K
  class space    used 12525K, capacity 14238K, committed 14336K, reserved 1048576K
Event: 588.976 GC heap after
Heap after GC invocations=57 (full 4):
 PSYoungGen      total 134144K, used 10092K [0x00000000f5580000, 0x00000000ffb80000, 0x0000000100000000)
  eden space 99328K, 0% used [0x00000000f5580000,0x00000000f5580000,0x00000000fb680000)
  from space 34816K, 28% used [0x00000000fb680000,0x00000000fc05b0e8,0x00000000fd880000)
  to   space 33280K, 0% used [0x00000000fdb00000,0x00000000fdb00000,0x00000000ffb80000)
 ParOldGen       total 247808K, used 173312K [0x00000000e0000000, 0x00000000ef200000, 0x00000000f5580000)
  object space 247808K, 69% used [0x00000000e0000000,0x00000000ea940288,0x00000000ef200000)
 Metaspace       used 94277K, capacity 99984K, committed 100096K, reserved 1134592K
  class space    used 12525K, capacity 14238K, committed 14336K, reserved 1048576K
}
Event: 878.057 GC heap before
{Heap before GC invocations=58 (full 4):
 PSYoungGen      total 134144K, used 109420K [0x00000000f5580000, 0x00000000ffb80000, 0x0000000100000000)
  eden space 99328K, 100% used [0x00000000f5580000,0x00000000fb680000,0x00000000fb680000)
  from space 34816K, 28% used [0x00000000fb680000,0x00000000fc05b0e8,0x00000000fd880000)
  to   space 33280K, 0% used [0x00000000fdb00000,0x00000000fdb00000,0x00000000ffb80000)
 ParOldGen       total 247808K, used 173312K [0x00000000e0000000, 0x00000000ef200000, 0x00000000f5580000)
  object space 247808K, 69% used [0x00000000e0000000,0x00000000ea940288,0x00000000ef200000)
 Metaspace       used 94536K, capacity 100198K, committed 100352K, reserved 1134592K
  class space    used 12556K, capacity 14241K, committed 14336K, reserved 1048576K
Event: 878.137 GC heap after
Heap after GC invocations=58 (full 4):
 PSYoungGen      total 137216K, used 10448K [0x00000000f5580000, 0x00000000ffa80000, 0x0000000100000000)
  eden space 104960K, 0% used [0x00000000f5580000,0x00000000f5580000,0x00000000fbc00000)
  from space 32256K, 32% used [0x00000000fdb00000,0x00000000fe534070,0x00000000ffa80000)
  to   space 31744K, 0% used [0x00000000fbc00000,0x00000000fbc00000,0x00000000fdb00000)
 ParOldGen       total 247808K, used 173320K [0x00000000e0000000, 0x00000000ef200000, 0x00000000f5580000)
  object space 247808K, 69% used [0x00000000e0000000,0x00000000ea942288,0x00000000ef200000)
 Metaspace       used 94536K, capacity 100198K, committed 100352K, reserved 1134592K
  class space    used 12556K, capacity 14241K, committed 14336K, reserved 1048576K
}
Event: 1197.844 GC heap before
{Heap before GC invocations=59 (full 4):
 PSYoungGen      total 137216K, used 115408K [0x00000000f5580000, 0x00000000ffa80000, 0x0000000100000000)
  eden space 104960K, 100% used [0x00000000f5580000,0x00000000fbc00000,0x00000000fbc00000)
  from space 32256K, 32% used [0x00000000fdb00000,0x00000000fe534070,0x00000000ffa80000)
  to   space 31744K, 0% used [0x00000000fbc00000,0x00000000fbc00000,0x00000000fdb00000)
 ParOldGen       total 247808K, used 173320K [0x00000000e0000000, 0x00000000ef200000, 0x00000000f5580000)
  object space 247808K, 69% used [0x00000000e0000000,0x00000000ea942288,0x00000000ef200000)
 Metaspace       used 94612K, capacity 100278K, committed 100608K, reserved 1136640K
  class space    used 12558K, capacity 14243K, committed 14336K, reserved 1048576K
Event: 1197.960 GC heap after
Heap after GC invocations=59 (full 4):
 PSYoungGen      total 136704K, used 11040K [0x00000000f5580000, 0x00000000ffc80000, 0x0000000100000000)
  eden space 104960K, 0% used [0x00000000f5580000,0x00000000f5580000,0x00000000fbc00000)
  from space 31744K, 34% used [0x00000000fbc00000,0x00000000fc6c8060,0x00000000fdb00000)
  to   space 30208K, 0% used [0x00000000fdf00000,0x00000000fdf00000,0x00000000ffc80000)
 ParOldGen       total 247808K, used 173328K [0x00000000e0000000, 0x00000000ef200000, 0x00000000f5580000)
  object space 247808K, 69% used [0x00000000e0000000,0x00000000ea944288,0x00000000ef200000)
 Metaspace       used 94612K, capacity 100278K, committed 100608K, reserved 1136640K
  class space    used 12558K, capacity 14243K, committed 14336K, reserved 1048576K
}

