# JRE version: OpenJDK Runtime Environment (8.0_322) (build 1.8.0_322-ga)
# Java VM: OpenJDK 64-Bit Server VM (25.322-bga mixed mode linux-amd64 compressed oops)
Heap:
 PSYoungGen      total 40960K, used 23911K [0x00000000fd580000, 0x0000000100000000, 0x0000000100000000)
  eden space 38400K, 55% used [0x00000000fd580000,0x00000000fea61cd0,0x00000000ffb00000)
  from space 2560K, 98% used [0x00000000ffd80000,0x00000000ffff8260,0x0000000100000000)
  to   space 2560K, 0% used [0x00000000ffb00000,0x00000000ffb00000,0x00000000ffd80000)
 ParOldGen       total 38400K, used 16907K [0x00000000f8000000, 0x00000000fa580000, 0x00000000fd580000)
  object space 38400K, 44% used [0x00000000f8000000,0x00000000f9082f98,0x00000000fa580000)
 Metaspace       used 33031K, capacity 34254K, committed 34432K, reserved 1079296K
  class space    used 4157K, capacity 4423K, committed 4480K, reserved 1048576K
GC Heap History (10 events):
Event: 3.748 GC heap before
{Heap before GC invocations=1 (full 0):
 PSYoungGen      total 18944K, used 16384K [0x00000000fd580000, 0x00000000fea80000, 0x0000000100000000)
  eden space 16384K, 100% used [0x00000000fd580000,0x00000000fe580000,0x00000000fe580000)
  from space 2560K, 0% used [0x00000000fe800000,0x00000000fe800000,0x00000000fea80000)
  to   space 2560K, 0% used [0x00000000fe580000,0x00000000fe580000,0x00000000fe800000)
 ParOldGen       total 44032K, used 0K [0x00000000f8000000, 0x00000000fab00000, 0x00000000fd580000)
  object space 44032K, 0% used [0x00000000f8000000,0x00000000f8000000,0x00000000fab00000)
 Metaspace       used 9928K, capacity 10086K, committed 10240K, reserved 1058816K
  class space    used 1181K, capacity 1253K, committed 1280K, reserved 1048576K
Event: 3.798 GC heap after
Heap after GC invocations=1 (full 0):
 PSYoungGen      total 18944K, used 2556K [0x00000000fd580000, 0x00000000ffa80000, 0x0000000100000000)
  eden space 16384K, 0% used [0x00000000fd580000,0x00000000fd580000,0x00000000fe580000)
  from space 2560K, 99% used [0x00000000fe580000,0x00000000fe7ff340,0x00000000fe800000)
  to   space 2560K, 0% used [0x00000000ff800000,0x00000000ff800000,0x00000000ffa80000)
 ParOldGen       total 44032K, used 2386K [0x00000000f8000000, 0x00000000fab00000, 0x00000000fd580000)
  object space 44032K, 5% used [0x00000000f8000000,0x00000000f82549f0,0x00000000fab00000)
 Metaspace       used 9928K, capacity 10086K, committed 10240K, reserved 1058816K
  class space    used 1181K, capacity 1253K, committed 1280K, reserved 1048576K
}
Event: 6.577 GC heap before
{Heap before GC invocations=2 (full 0):
 PSYoungGen      total 18944K, used 18940K [0x00000000fd580000, 0x00000000ffa80000, 0x0000000100000000)
  eden space 16384K, 100% used [0x00000000fd580000,0x00000000fe580000,0x00000000fe580000)
  from space 2560K, 99% used [0x00000000fe580000,0x00000000fe7ff340,0x00000000fe800000)
  to   space 2560K, 0% used [0x00000000ff800000,0x00000000ff800000,0x00000000ffa80000)
 ParOldGen       total 44032K, used 2386K [0x00000000f8000000, 0x00000000fab00000, 0x00000000fd580000)
  object space 44032K, 5% used [0x00000000f8000000,0x00000000f82549f0,0x00000000fab00000)
 Metaspace       used 15524K, capacity 15864K, committed 16128K, reserved 1062912K
  class space    used 1906K, capacity 2005K, committed 2048K, reserved 1048576K
Event: 6.702 GC heap after
Heap after GC invocations=2 (full 0):
 PSYoungGen      total 35328K, used 2544K [0x00000000fd580000, 0x00000000ffa80000, 0x0000000100000000)
  eden space 32768K, 0% used [0x00000000fd580000,0x00000000fd580000,0x00000000ff580000)
  from space 2560K, 99% used [0x00000000ff800000,0x00000000ffa7c040,0x00000000ffa80000)
  to   space 2560K, 0% used [0x00000000ff580000,0x00000000ff580000,0x00000000ff800000)
 ParOldGen       total 44032K, used 6088K [0x00000000f8000000, 0x00000000fab00000, 0x00000000fd580000)
  object space 44032K, 13% used [0x00000000f8000000,0x00000000f85f2398,0x00000000fab00000)
 Metaspace       used 15524K, capacity 15864K, committed 16128K, reserved 1062912K
  class space    used 1906K, capacity 2005K, committed 2048K, reserved 1048576K
}
Event: 9.640 GC heap before
{Heap before GC invocations=3 (full 0):
 PSYoungGen      total 35328K, used 20690K [0x00000000fd580000, 0x00000000ffa80000, 0x0000000100000000)
  eden space 32768K, 55% used [0x00000000fd580000,0x00000000fe738b70,0x00000000ff580000)
  from space 2560K, 99% used [0x00000000ff800000,0x00000000ffa7c040,0x00000000ffa80000)
  to   space 2560K, 0% used [0x00000000ff580000,0x00000000ff580000,0x00000000ff800000)
 ParOldGen       total 44032K, used 6088K [0x00000000f8000000, 0x00000000fab00000, 0x00000000fd580000)
  object space 44032K, 13% used [0x00000000f8000000,0x00000000f85f2398,0x00000000fab00000)
 Metaspace       used 20748K, capacity 21068K, committed 21248K, reserved 1067008K
  class space    used 2602K, capacity 2731K, committed 2816K, reserved 1048576K
Event: 9.716 GC heap after
Heap after GC invocations=3 (full 0):
 PSYoungGen      total 35328K, used 2544K [0x00000000fd580000, 0x0000000100000000, 0x0000000100000000)
  eden space 32768K, 0% used [0x00000000fd580000,0x00000000fd580000,0x00000000ff580000)
  from space 2560K, 99% used [0x00000000ff580000,0x00000000ff7fc170,0x00000000ff800000)
  to   space 2560K, 0% used [0x00000000ffd80000,0x00000000ffd80000,0x0000000100000000)
 ParOldGen       total 44032K, used 10178K [0x00000000f8000000, 0x00000000fab00000, 0x00000000fd580000)
  object space 44032K, 23% used [0x00000000f8000000,0x00000000f89f0ae8,0x00000000fab00000)
 Metaspace       used 20748K, capacity 21068K, committed 21248K, reserved 1067008K
  class space    used 2602K, capacity 2731K, committed 2816K, reserved 1048576K
}
Event: 9.716 GC heap before
{Heap before GC invocations=4 (full 1):
 PSYoungGen      total 35328K, used 2544K [0x00000000fd580000, 0x0000000100000000, 0x0000000100000000)
  eden space 32768K, 0% used [0x00000000fd580000,0x00000000fd580000,0x00000000ff580000)
  from space 2560K, 99% used [0x00000000ff580000,0x00000000ff7fc170,0x00000000ff800000)
  to   space 2560K, 0% used [0x00000000ffd80000,0x00000000ffd80000,0x0000000100000000)
 ParOldGen       total 44032K, used 10178K [0x00000000f8000000, 0x00000000fab00000, 0x00000000fd580000)
  object space 44032K, 23% used [0x00000000f8000000,0x00000000f89f0ae8,0x00000000fab00000)
 Metaspace       used 20748K, capacity 21068K, committed 21248K, reserved 1067008K
  class space    used 2602K, capacity 2731K, committed 2816K, reserved 1048576K
Event: 10.038 GC heap after
Heap after GC invocations=4 (full 1):
 PSYoungGen      total 35328K, used 0K [0x00000000fd580000, 0x0000000100000000, 0x0000000100000000)
  eden space 32768K, 0% used [0x00000000fd580000,0x00000000fd580000,0x00000000ff580000)
  from space 2560K, 0% used [0x00000000ff580000,0x00000000ff580000,0x00000000ff800000)
  to   space 2560K, 0% used [0x00000000ffd80000,0x00000000ffd80000,0x0000000100000000)
 ParOldGen       total 38400K, used 7581K [0x00000000f8000000, 0x00000000fa580000, 0x00000000fd580000)
  object space 38400K, 19% used [0x00000000f8000000,0x00000000f8767420,0x00000000fa580000)
 Metaspace       used 20748K, capacity 21068K, committed 21248K, reserved 1067008K
  class space    used 2602K, capacity 2731K, committed 2816K, reserved 1048576K
}
Event: 14.557 GC heap before
{Heap before GC invocations=5 (full 1):
 PSYoungGen      total 35328K, used 32768K [0x00000000fd580000, 0x0000000100000000, 0x0000000100000000)
  eden space 32768K, 100% used [0x00000000fd580000,0x00000000ff580000,0x00000000ff580000)
  from space 2560K, 0% used [0x00000000ff580000,0x00000000ff580000,0x00000000ff800000)
  to   space 2560K, 0% used [0x00000000ffd80000,0x00000000ffd80000,0x0000000100000000)
 ParOldGen       total 38400K, used 7581K [0x00000000f8000000, 0x00000000fa580000, 0x00000000fd580000)
  object space 38400K, 19% used [0x00000000f8000000,0x00000000f8767420,0x00000000fa580000)
 Metaspace       used 28315K, capacity 28808K, committed 29184K, reserved 1075200K
  class space    used 3554K, capacity 3728K, committed 3840K, reserved 1048576K
Event: 14.711 GC heap after
Heap after GC invocations=5 (full 1):
 PSYoungGen      total 40960K, used 2528K [0x00000000fd580000, 0x0000000100000000, 0x0000000100000000)
  eden space 38400K, 0% used [0x00000000fd580000,0x00000000fd580000,0x00000000ffb00000)
  from space 2560K, 98% used [0x00000000ffd80000,0x00000000ffff8260,0x0000000100000000)
  to   space 2560K, 0% used [0x00000000ffb00000,0x00000000ffb00000,0x00000000ffd80000)
 ParOldGen       total 38400K, used 16907K [0x00000000f8000000, 0x00000000fa580000, 0x00000000fd580000)
  object space 38400K, 44% used [0x00000000f8000000,0x00000000f9082f98,0x00000000fa580000)
 Metaspace       used 28315K, capacity 28808K, committed 29184K, reserved 1075200K
  class space    used 3554K, capacity 3728K, committed 3840K, reserved 1048576K
}

