# JRE version: OpenJDK Runtime Environment (8.0_322) (build 1.8.0_322-ga)
# Java VM: OpenJDK 64-Bit Server VM (25.322-bga mixed mode linux-amd64 compressed oops)
Heap:
 PSYoungGen      total 29184K, used 9471K [0x00000000fd580000, 0x0000000100000000, 0x0000000100000000)
  eden space 14848K, 62% used [0x00000000fd580000,0x00000000fde9fcc8,0x00000000fe400000)
  from space 14336K, 0% used [0x00000000ff200000,0x00000000ff220000,0x0000000100000000)
  to   space 14336K, 0% used [0x00000000fe400000,0x00000000fe400000,0x00000000ff200000)
 ParOldGen       total 69120K, used 29926K [0x00000000f8000000, 0x00000000fc380000, 0x00000000fd580000)
  object space 69120K, 43% used [0x00000000f8000000,0x00000000f9d39a98,0x00000000fc380000)
 Metaspace       used 35604K, capacity 36852K, committed 37080K, reserved 1081344K
  class space    used 4457K, capacity 4732K, committed 4736K, reserved 1048576K
GC Heap History (10 events):
Event: 724.336 GC heap before
{Heap before GC invocations=8 (full 1):
 PSYoungGen      total 23040K, used 14484K [0x00000000fd580000, 0x0000000100000000, 0x0000000100000000)
  eden space 14848K, 42% used [0x00000000fd580000,0x00000000fdba8f40,0x00000000fe400000)
  from space 8192K, 99% used [0x00000000ff800000,0x00000000ffffc2a0,0x0000000100000000)
  to   space 14336K, 0% used [0x00000000fe400000,0x00000000fe400000,0x00000000ff200000)
 ParOldGen       total 34816K, used 23155K [0x00000000f8000000, 0x00000000fa200000, 0x00000000fd580000)
  object space 34816K, 66% used [0x00000000f8000000,0x00000000f969cf20,0x00000000fa200000)
 Metaspace       used 34066K, capacity 35306K, committed 35416K, reserved 1081344K
  class space    used 4287K, capacity 4559K, committed 4608K, reserved 1048576K
Event: 724.343 GC heap after
Heap after GC invocations=8 (full 1):
 PSYoungGen      total 29184K, used 12976K [0x00000000fd580000, 0x0000000100000000, 0x0000000100000000)
  eden space 14848K, 0% used [0x00000000fd580000,0x00000000fd580000,0x00000000fe400000)
  from space 14336K, 90% used [0x00000000fe400000,0x00000000ff0ac008,0x00000000ff200000)
  to   space 14336K, 0% used [0x00000000ff200000,0x00000000ff200000,0x0000000100000000)
 ParOldGen       total 34816K, used 23163K [0x00000000f8000000, 0x00000000fa200000, 0x00000000fd580000)
  object space 34816K, 66% used [0x00000000f8000000,0x00000000f969ef20,0x00000000fa200000)
 Metaspace       used 34066K, capacity 35306K, committed 35416K, reserved 1081344K
  class space    used 4287K, capacity 4559K, committed 4608K, reserved 1048576K
}
Event: 724.343 GC heap before
{Heap before GC invocations=9 (full 2):
 PSYoungGen      total 29184K, used 12976K [0x00000000fd580000, 0x0000000100000000, 0x0000000100000000)
  eden space 14848K, 0% used [0x00000000fd580000,0x00000000fd580000,0x00000000fe400000)
  from space 14336K, 90% used [0x00000000fe400000,0x00000000ff0ac008,0x00000000ff200000)
  to   space 14336K, 0% used [0x00000000ff200000,0x00000000ff200000,0x0000000100000000)
 ParOldGen       total 34816K, used 23163K [0x00000000f8000000, 0x00000000fa200000, 0x00000000fd580000)
  object space 34816K, 66% used [0x00000000f8000000,0x00000000f969ef20,0x00000000fa200000)
 Metaspace       used 34066K, capacity 35306K, committed 35416K, reserved 1081344K
  class space    used 4287K, capacity 4559K, committed 4608K, reserved 1048576K
Event: 724.413 GC heap after
Heap after GC invocations=9 (full 2):
 PSYoungGen      total 29184K, used 0K [0x00000000fd580000, 0x0000000100000000, 0x0000000100000000)
  eden space 14848K, 0% used [0x00000000fd580000,0x00000000fd580000,0x00000000fe400000)
  from space 14336K, 0% used [0x00000000fe400000,0x00000000fe400000,0x00000000ff200000)
  to   space 14336K, 0% used [0x00000000ff200000,0x00000000ff200000,0x0000000100000000)
 ParOldGen       total 69120K, used 26294K [0x00000000f8000000, 0x00000000fc380000, 0x00000000fd580000)
  object space 69120K, 38% used [0x00000000f8000000,0x00000000f99ada48,0x00000000fc380000)
 Metaspace       used 34002K, capacity 35204K, committed 35416K, reserved 1081344K
  class space    used 4275K, capacity 4538K, committed 4608K, reserved 1048576K
}
Event: 748.253 GC heap before
{Heap before GC invocations=10 (full 2):
 PSYoungGen      total 29184K, used 14848K [0x00000000fd580000, 0x0000000100000000, 0x0000000100000000)
  eden space 14848K, 100% used [0x00000000fd580000,0x00000000fe400000,0x00000000fe400000)
  from space 14336K, 0% used [0x00000000fe400000,0x00000000fe400000,0x00000000ff200000)
  to   space 14336K, 0% used [0x00000000ff200000,0x00000000ff200000,0x0000000100000000)
 ParOldGen       total 69120K, used 26294K [0x00000000f8000000, 0x00000000fc380000, 0x00000000fd580000)
  object space 69120K, 38% used [0x00000000f8000000,0x00000000f99ada48,0x00000000fc380000)
 Metaspace       used 35566K, capacity 36848K, committed 37080K, reserved 1081344K
  class space    used 4457K, capacity 4732K, committed 4736K, reserved 1048576K
Event: 748.259 GC heap after
Heap after GC invocations=10 (full 2):
 PSYoungGen      total 29184K, used 4353K [0x00000000fd580000, 0x0000000100000000, 0x0000000100000000)
  eden space 14848K, 0% used [0x00000000fd580000,0x00000000fd580000,0x00000000fe400000)
  from space 14336K, 30% used [0x00000000ff200000,0x00000000ff6407b0,0x0000000100000000)
  to   space 14336K, 0% used [0x00000000fe400000,0x00000000fe400000,0x00000000ff200000)
 ParOldGen       total 69120K, used 26302K [0x00000000f8000000, 0x00000000fc380000, 0x00000000fd580000)
  object space 69120K, 38% used [0x00000000f8000000,0x00000000f99afa48,0x00000000fc380000)
 Metaspace       used 35566K, capacity 36848K, committed 37080K, reserved 1081344K
  class space    used 4457K, capacity 4732K, committed 4736K, reserved 1048576K
}
Event: 838.653 GC heap before
{Heap before GC invocations=11 (full 2):
 PSYoungGen      total 29184K, used 19201K [0x00000000fd580000, 0x0000000100000000, 0x0000000100000000)
  eden space 14848K, 100% used [0x00000000fd580000,0x00000000fe400000,0x00000000fe400000)
  from space 14336K, 30% used [0x00000000ff200000,0x00000000ff6407b0,0x0000000100000000)
  to   space 14336K, 0% used [0x00000000fe400000,0x00000000fe400000,0x00000000ff200000)
 ParOldGen       total 69120K, used 26302K [0x00000000f8000000, 0x00000000fc380000, 0x00000000fd580000)
  object space 69120K, 38% used [0x00000000f8000000,0x00000000f99afa48,0x00000000fc380000)
 Metaspace       used 35582K, capacity 36852K, committed 37080K, reserved 1081344K
  class space    used 4457K, capacity 4732K, committed 4736K, reserved 1048576K
Event: 838.658 GC heap after
Heap after GC invocations=11 (full 2):
 PSYoungGen      total 29184K, used 3456K [0x00000000fd580000, 0x0000000100000000, 0x0000000100000000)
  eden space 14848K, 0% used [0x00000000fd580000,0x00000000fd580000,0x00000000fe400000)
  from space 14336K, 24% used [0x00000000fe400000,0x00000000fe760050,0x00000000ff200000)
  to   space 14336K, 0% used [0x00000000ff200000,0x00000000ff200000,0x0000000100000000)
 ParOldGen       total 69120K, used 26310K [0x00000000f8000000, 0x00000000fc380000, 0x00000000fd580000)
  object space 69120K, 38% used [0x00000000f8000000,0x00000000f99b1a48,0x00000000fc380000)
 Metaspace       used 35582K, capacity 36852K, committed 37080K, reserved 1081344K
  class space    used 4457K, capacity 4732K, committed 4736K, reserved 1048576K
}
Event: 954.183 GC heap before
{Heap before GC invocations=12 (full 2):
 PSYoungGen      total 29184K, used 18304K [0x00000000fd580000, 0x0000000100000000, 0x0000000100000000)
  eden space 14848K, 100% used [0x00000000fd580000,0x00000000fe400000,0x00000000fe400000)
  from space 14336K, 24% used [0x00000000fe400000,0x00000000fe760050,0x00000000ff200000)
  to   space 14336K, 0% used [0x00000000ff200000,0x00000000ff200000,0x0000000100000000)
 ParOldGen       total 69120K, used 26310K [0x00000000f8000000, 0x00000000fc380000, 0x00000000fd580000)
  object space 69120K, 38% used [0x00000000f8000000,0x00000000f99b1a48,0x00000000fc380000)
 Metaspace       used 35593K, capacity 36852K, committed 37080K, reserved 1081344K
  class space    used 4457K, capacity 4732K, committed 4736K, reserved 1048576K
Event: 954.198 GC heap after
Heap after GC invocations=12 (full 2):
 PSYoungGen      total 29184K, used 128K [0x00000000fd580000, 0x0000000100000000, 0x0000000100000000)
  eden space 14848K, 0% used [0x00000000fd580000,0x00000000fd580000,0x00000000fe400000)
  from space 14336K, 0% used [0x00000000ff200000,0x00000000ff220000,0x0000000100000000)
  to   space 14336K, 0% used [0x00000000fe400000,0x00000000fe400000,0x00000000ff200000)
 ParOldGen       total 69120K, used 29926K [0x00000000f8000000, 0x00000000fc380000, 0x00000000fd580000)
  object space 69120K, 43% used [0x00000000f8000000,0x00000000f9d39a98,0x00000000fc380000)
 Metaspace       used 35593K, capacity 36852K, committed 37080K, reserved 1081344K
  class space    used 4457K, capacity 4732K, committed 4736K, reserved 1048576K
}

